<?xml version="1.0" encoding="UTF-8"?>
<!-- Generated by org.testng.reporters.JUnitReportReporter -->
<testsuite skipped="0" hostname="LAPTOP-2A2K6UEC" name="testCases.TC_LoginLogOut" tests="1" failures="0" timestamp="2022-03-29T08:10:13 IST" time="11.523" errors="0">
  <testcase name="LoginLogOutValidation" time="11.523" classname="testCases.TC_LoginLogOut"/>
  <system-out/>
</testsuite> <!-- testCases.TC_LoginLogOut -->
