<?xml version="1.0" encoding="UTF-8"?>
<!-- Generated by org.testng.reporters.JUnitReportReporter -->
<testsuite skipped="0" hostname="LAPTOP-2A2K6UEC" name="testBase.TB" tests="1" failures="0" timestamp="2022-03-22T16:58:52 IST" time="1.827" errors="0">
  <testcase name="testEx" time="1.827" classname="testBase.TB"/>
  <system-out/>
</testsuite> <!-- testBase.TB -->
