<?xml version="1.0" encoding="UTF-8"?>
<!-- Generated by org.testng.reporters.JUnitReportReporter -->
<testsuite skipped="0" hostname="LAPTOP-2A2K6UEC" name="testCases.TC_PayGrade" tests="1" failures="0" timestamp="2022-04-27T10:59:03 IST" time="34.339" errors="0">
  <testcase name="PayGradeValidation" time="34.339" classname="testCases.TC_PayGrade"/>
  <system-out/>
</testsuite> <!-- testCases.TC_PayGrade -->
