<?xml version="1.0" encoding="UTF-8"?>
<!-- Generated by org.testng.reporters.JUnitReportReporter -->
<testsuite skipped="0" hostname="LAPTOP-2A2K6UEC" name="testCases.TC_AddJobTitle2" tests="1" failures="0" timestamp="2022-03-28T22:36:04 IST" time="18.801" errors="0">
  <testcase name="AddJobTitleValidation" time="18.801" classname="testCases.TC_AddJobTitle2"/>
  <system-out/>
</testsuite> <!-- testCases.TC_AddJobTitle2 -->
