<?xml version="1.0" encoding="UTF-8"?>
<!-- Generated by org.testng.reporters.JUnitReportReporter -->
<testsuite skipped="0" hostname="LAPTOP-2A2K6UEC" name="testCases.TC_LoginLogOut" tests="1" failures="0" timestamp="2022-04-27T10:59:03 IST" time="19.094" errors="0">
  <testcase name="LoginLogOutValidation" time="19.094" classname="testCases.TC_LoginLogOut"/>
  <system-out/>
</testsuite> <!-- testCases.TC_LoginLogOut -->
