<?xml version="1.0" encoding="UTF-8"?>
<!-- Generated by org.testng.reporters.JUnitReportReporter -->
<testsuite skipped="0" hostname="LAPTOP-2A2K6UEC" name="testCases.TC_UserSearch" tests="1" failures="0" timestamp="2022-04-27T10:59:03 IST" time="22.694" errors="0">
  <testcase name="UserSearchValidation" time="22.694" classname="testCases.TC_UserSearch"/>
  <system-out/>
</testsuite> <!-- testCases.TC_UserSearch -->
