<?xml version="1.0" encoding="UTF-8"?>
<!-- Generated by org.testng.reporters.JUnitReportReporter -->
<testsuite hostname="LAPTOP-2A2K6UEC" failures="0" tests="1" name="testCases.TC_AddJobTitle2" time="24.134" errors="0" timestamp="2022-01-12T19:46:18 IST" skipped="0">
  <testcase classname="testCases.TC_AddJobTitle2" name="AddJobTitleValidation" time="24.134"/>
  <system-out/>
</testsuite> <!-- testCases.TC_AddJobTitle2 -->
