<?xml version="1.0" encoding="UTF-8"?>
<!-- Generated by org.testng.reporters.JUnitReportReporter -->
<testsuite skipped="0" hostname="LAPTOP-2A2K6UEC" name="testCases.TC_AddJobTitle" tests="1" failures="0" timestamp="2022-04-26T17:23:43 IST" time="26.343" errors="0">
  <testcase name="AddJobTitleValidation" time="26.343" classname="testCases.TC_AddJobTitle"/>
  <system-out/>
</testsuite> <!-- testCases.TC_AddJobTitle -->
