<?xml version="1.0" encoding="UTF-8"?>
<!-- Generated by org.testng.reporters.JUnitReportReporter -->
<testsuite hostname="LAPTOP-2A2K6UEC" failures="0" tests="2" name="testCases.AnnotationsDemo" time="0.005" errors="0" timestamp="2022-01-10T17:22:42 IST" skipped="0">
  <testcase classname="testCases.AnnotationsDemo" name="testCase1" time="0.005"/>
  <system-out/>
  <testcase classname="testCases.AnnotationsDemo" name="testCase2" time="0.000"/>
  <system-out/>
</testsuite> <!-- testCases.AnnotationsDemo -->
