<?xml version="1.0" encoding="UTF-8"?>
<!-- Generated by org.testng.reporters.JUnitReportReporter -->
<testsuite hostname="LAPTOP-2A2K6UEC" failures="0" tests="1" name="testCases.TC_AddJobTitle" time="16.348" errors="0" timestamp="2022-03-16T10:58:58 IST" skipped="0">
  <testcase classname="testCases.TC_AddJobTitle" name="AddJobTitleValidation" time="16.348"/>
  <system-out/>
</testsuite> <!-- testCases.TC_AddJobTitle -->
