<?xml version="1.0" encoding="UTF-8"?>
<!-- Generated by org.testng.reporters.JUnitReportReporter -->
<testsuite hostname="LAPTOP-2A2K6UEC" name="testCases.TC_LoginLogOut" tests="1" failures="0" timestamp="17 Mar 2022 06:37:52 GMT" time="16.119" errors="0">
  <testcase name="LoginLogOutValidation" time="16.119" classname="testCases.TC_LoginLogOut"/>
</testsuite> <!-- testCases.TC_LoginLogOut -->
