<?xml version="1.0" encoding="UTF-8"?>
<!-- Generated by org.testng.reporters.JUnitReportReporter -->
<testsuite hostname="LAPTOP-2A2K6UEC" name="testCases.TC_AddJobTitle" tests="1" failures="0" timestamp="17 Mar 2022 06:37:52 GMT" time="24.053" errors="0">
  <testcase name="AddJobTitleValidation" time="24.053" classname="testCases.TC_AddJobTitle"/>
</testsuite> <!-- testCases.TC_AddJobTitle -->
