<?xml version="1.0" encoding="UTF-8"?>
<!-- Generated by org.testng.reporters.JUnitReportReporter -->
<testsuite hostname="LAPTOP-2A2K6UEC" name="testCases.TC_UserSearch" tests="1" failures="0" timestamp="17 Mar 2022 06:37:52 GMT" time="18.936" errors="0">
  <testcase name="UserSearchValidation" time="18.936" classname="testCases.TC_UserSearch"/>
</testsuite> <!-- testCases.TC_UserSearch -->
